==============================================================
Vitis HLS - High-Level Synthesis from C, C++ and OpenCL v2023.1 (64-bit)
Tool Version Limit: 2023.05
Copyright 1986-2022 Xilinx, Inc. All Rights Reserved.
Copyright 2022-2023 Advanced Micro Devices, Inc. All Rights Reserved.

==============================================================
INFO: [SYN 201-201] Setting up clock 'default' with a period of 10ns.
INFO: [HLS 200-1611] Setting target device to 'xc7z020-clg484-1'
INFO: [HLS 200-1505] Using flow_target 'vivado'
INFO: [HLS 200-1510] Running: set_part xc7z020clg484-1 
INFO: [HLS 200-1510] Running: create_clock -period 10 -name default 
INFO: [SYN 201-201] Setting up clock 'default' with a period of 10ns.
INFO: [HLS 200-1510] Running: csim_design -quiet 
INFO: [SIM 211-2] *************** CSIM start ***************
INFO: [SIM 211-4] CSIM will launch GCC as the compiler.
INFO: [HLS 200-2036] Building debug C Simulation binaries
INFO: [SIM 211-1] CSim done with 0 errors.
INFO: [SIM 211-3] *************** CSIM finish ***************
INFO: [HLS 200-111] Finished Command csim_design CPU user time: 0 seconds. CPU system time: 0 seconds. Elapsed time: 6.839 seconds; current allocated memory: 0.730 MB.
==============================================================
Vitis HLS - High-Level Synthesis from C, C++ and OpenCL v2023.1 (64-bit)
Tool Version Limit: 2023.05
Copyright 1986-2022 Xilinx, Inc. All Rights Reserved.
Copyright 2022-2023 Advanced Micro Devices, Inc. All Rights Reserved.

==============================================================
INFO: [SYN 201-201] Setting up clock 'default' with a period of 10ns.
INFO: [HLS 200-1611] Setting target device to 'xc7z020-clg484-1'
INFO: [HLS 200-1505] Using flow_target 'vivado'
INFO: [HLS 200-1510] Running: set_part xc7z020clg484-1 
INFO: [HLS 200-1510] Running: create_clock -period 10 -name default 
INFO: [HLS 200-1510] Running: csynth_design 
INFO: [HLS 200-111] Finished File checks and directory preparation: CPU user time: 0 seconds. CPU system time: 0 seconds. Elapsed time: 0.064 seconds; current allocated memory: 112.277 MB.
INFO: [HLS 200-10] Analyzing design file '../res/Lab1_FIR/src/fir.cpp' ... 
INFO: [HLS 200-111] Finished Source Code Analysis and Preprocessing: CPU user time: 0 seconds. CPU system time: 0 seconds. Elapsed time: 13.135 seconds; current allocated memory: 113.938 MB.
INFO: [HLS 200-777] Using interface defaults for 'Vivado' flow target.
INFO: [HLS 214-291] Loop 'VITIS_LOOP_15_1' is marked as complete unroll implied by the pipeline pragma (../res/Lab1_FIR/src/fir.cpp:15:19)
INFO: [HLS 214-186] Unrolling loop 'VITIS_LOOP_15_1' (../res/Lab1_FIR/src/fir.cpp:15:19) in function 'fir' completely with a factor of 99 (../res/Lab1_FIR/src/fir.cpp:6:0)
INFO: [HLS 214-248] Applying array_partition to '_ZZ3firPiiE9shift_reg': Complete partitioning on dimension 1. (../res/Lab1_FIR/src/fir.cpp:9:0)
INFO: [HLS 214-248] Applying array_partition to 'c': Complete partitioning on dimension 1. (../res/Lab1_FIR/src/fir.cpp:3:0)
INFO: [HLS 214-364] Automatically inlining function 'fir(int*, int)' to improve effectiveness of pipeline pragma in function 'fir_wrap(int*, int*, int, int*)' (../res/Lab1_FIR/src/fir.cpp:50:2)
INFO: [HLS 214-115] Multiple burst reads of length 99 and bit width 32 in loop 'VITIS_LOOP_41_1'(../res/Lab1_FIR/src/fir.cpp:41:19) has been inferred on bundle 'gmem'. These burst requests might be further partitioned into multiple requests during RTL generation, based on max_read_burst_length or max_write_burst_length settings. (../res/Lab1_FIR/src/fir.cpp:41:19)
INFO: [HLS 214-115] Multiple burst reads of variable length and bit width 32 in loop 'VITIS_LOOP_47_2'(../res/Lab1_FIR/src/fir.cpp:47:19) has been inferred on bundle 'gmem'. These burst requests might be further partitioned into multiple requests during RTL generation, based on max_read_burst_length or max_write_burst_length settings. (../res/Lab1_FIR/src/fir.cpp:47:19)
INFO: [HLS 214-115] Multiple burst writes of variable length and bit width 32 in loop 'VITIS_LOOP_47_2'(../res/Lab1_FIR/src/fir.cpp:47:19) has been inferred on bundle 'gmem'. These burst requests might be further partitioned into multiple requests during RTL generation, based on max_read_burst_length or max_write_burst_length settings. (../res/Lab1_FIR/src/fir.cpp:47:19)
INFO: [HLS 200-111] Finished Compiling Optimization and Transform: CPU user time: 0 seconds. CPU system time: 0 seconds. Elapsed time: 12.223 seconds; current allocated memory: 114.105 MB.
INFO: [HLS 200-111] Finished Checking Pragmas: CPU user time: 0 seconds. CPU system time: 0 seconds. Elapsed time: 0.003 seconds; current allocated memory: 114.105 MB.
INFO: [HLS 200-10] Starting code transformations ...
INFO: [HLS 200-111] Finished Standard Transforms: CPU user time: 0 seconds. CPU system time: 0 seconds. Elapsed time: 1.752 seconds; current allocated memory: 114.105 MB.
INFO: [HLS 200-10] Checking synthesizability ...
INFO: [HLS 200-111] Finished Checking Synthesizability: CPU user time: 0 seconds. CPU system time: 0 seconds. Elapsed time: 0.348 seconds; current allocated memory: 114.105 MB.
INFO: [XFORM 203-11] Balancing expressions in function 'fir_wrap' (../res/Lab1_FIR/src/fir.cpp:19:19)...98 expression(s) balanced.
INFO: [HLS 200-111] Finished Loop, function and other optimizations: CPU user time: 0 seconds. CPU system time: 0 seconds. Elapsed time: 0.697 seconds; current allocated memory: 114.105 MB.
INFO: [HLS 200-111] Finished Architecture Synthesis: CPU user time: 0 seconds. CPU system time: 0 seconds. Elapsed time: 1.24 seconds; current allocated memory: 114.105 MB.
INFO: [HLS 200-10] Starting hardware synthesis ...
INFO: [HLS 200-10] Synthesizing 'fir_wrap' ...
INFO: [HLS 200-10] ----------------------------------------------------------------
INFO: [HLS 200-42] -- Implementing module 'fir_wrap_Pipeline_VITIS_LOOP_41_1' 
INFO: [HLS 200-10] ----------------------------------------------------------------
INFO: [SCHED 204-11] Starting scheduling ...
INFO: [SCHED 204-61] Pipelining loop 'VITIS_LOOP_41_1'.
INFO: [HLS 200-1470] Pipelining result : Target II = 1, Final II = 1, Depth = 2, loop 'VITIS_LOOP_41_1'
INFO: [SCHED 204-11] Finished scheduling.
INFO: [HLS 200-111] Finished Scheduling: CPU user time: 0 seconds. CPU system time: 0 seconds. Elapsed time: 1.444 seconds; current allocated memory: 114.105 MB.
INFO: [BIND 205-100] Starting micro-architecture generation ...
INFO: [BIND 205-101] Performing variable lifetime analysis.
INFO: [BIND 205-101] Exploring resource sharing.
INFO: [BIND 205-101] Binding ...
INFO: [BIND 205-100] Finished micro-architecture generation.
INFO: [HLS 200-111] Finished Binding: CPU user time: 0 seconds. CPU system time: 0 seconds. Elapsed time: 0.795 seconds; current allocated memory: 114.105 MB.
INFO: [HLS 200-10] ----------------------------------------------------------------
INFO: [HLS 200-42] -- Implementing module 'fir_wrap_Pipeline_VITIS_LOOP_47_2' 
INFO: [HLS 200-10] ----------------------------------------------------------------
INFO: [SCHED 204-11] Starting scheduling ...
INFO: [SCHED 204-61] Pipelining loop 'VITIS_LOOP_47_2'.
INFO: [HLS 200-1470] Pipelining result : Target II = 1, Final II = 1, Depth = 10, loop 'VITIS_LOOP_47_2'
INFO: [SCHED 204-11] Finished scheduling.
INFO: [HLS 200-111] Finished Scheduling: CPU user time: 1 seconds. CPU system time: 0 seconds. Elapsed time: 2.117 seconds; current allocated memory: 114.105 MB.
INFO: [BIND 205-100] Starting micro-architecture generation ...
INFO: [BIND 205-101] Performing variable lifetime analysis.
INFO: [BIND 205-101] Exploring resource sharing.
INFO: [BIND 205-101] Binding ...
INFO: [BIND 205-100] Finished micro-architecture generation.
INFO: [HLS 200-111] Finished Binding: CPU user time: 1 seconds. CPU system time: 0 seconds. Elapsed time: 0.478 seconds; current allocated memory: 114.105 MB.
INFO: [HLS 200-10] ----------------------------------------------------------------
INFO: [HLS 200-42] -- Implementing module 'fir_wrap' 
INFO: [HLS 200-10] ----------------------------------------------------------------
INFO: [SCHED 204-11] Starting scheduling ...
INFO: [SCHED 204-11] Finished scheduling.
INFO: [HLS 200-111] Finished Scheduling: CPU user time: 0 seconds. CPU system time: 0 seconds. Elapsed time: 0.712 seconds; current allocated memory: 114.105 MB.
INFO: [BIND 205-100] Starting micro-architecture generation ...
INFO: [BIND 205-101] Performing variable lifetime analysis.
INFO: [BIND 205-101] Exploring resource sharing.
INFO: [BIND 205-101] Binding ...
INFO: [BIND 205-100] Finished micro-architecture generation.
INFO: [HLS 200-111] Finished Binding: CPU user time: 0 seconds. CPU system time: 0 seconds. Elapsed time: 0.558 seconds; current allocated memory: 114.105 MB.
INFO: [HLS 200-10] ----------------------------------------------------------------
INFO: [HLS 200-10] -- Generating RTL for module 'fir_wrap_Pipeline_VITIS_LOOP_41_1' 
INFO: [HLS 200-10] ----------------------------------------------------------------
INFO: [HLS 200-1030] Apply Unified Pipeline Control on module 'fir_wrap_Pipeline_VITIS_LOOP_41_1' pipeline 'VITIS_LOOP_41_1' pipeline type 'loop pipeline'
WARNING: [RTGEN 206-101] Setting dangling out port 'fir_wrap_Pipeline_VITIS_LOOP_41_1/m_axi_gmem_ARVALID' to 0.
WARNING: [RTGEN 206-101] Setting dangling out port 'fir_wrap_Pipeline_VITIS_LOOP_41_1/m_axi_gmem_ARADDR' to 0.
WARNING: [RTGEN 206-101] Setting dangling out port 'fir_wrap_Pipeline_VITIS_LOOP_41_1/m_axi_gmem_ARID' to 0.
WARNING: [RTGEN 206-101] Setting dangling out port 'fir_wrap_Pipeline_VITIS_LOOP_41_1/m_axi_gmem_ARLEN' to 0.
WARNING: [RTGEN 206-101] Setting dangling out port 'fir_wrap_Pipeline_VITIS_LOOP_41_1/m_axi_gmem_ARSIZE' to 0.
WARNING: [RTGEN 206-101] Setting dangling out port 'fir_wrap_Pipeline_VITIS_LOOP_41_1/m_axi_gmem_ARBURST' to 0.
WARNING: [RTGEN 206-101] Setting dangling out port 'fir_wrap_Pipeline_VITIS_LOOP_41_1/m_axi_gmem_ARLOCK' to 0.
WARNING: [RTGEN 206-101] Setting dangling out port 'fir_wrap_Pipeline_VITIS_LOOP_41_1/m_axi_gmem_ARCACHE' to 0.
WARNING: [RTGEN 206-101] Setting dangling out port 'fir_wrap_Pipeline_VITIS_LOOP_41_1/m_axi_gmem_ARPROT' to 0.
WARNING: [RTGEN 206-101] Setting dangling out port 'fir_wrap_Pipeline_VITIS_LOOP_41_1/m_axi_gmem_ARQOS' to 0.
WARNING: [RTGEN 206-101] Setting dangling out port 'fir_wrap_Pipeline_VITIS_LOOP_41_1/m_axi_gmem_ARREGION' to 0.
WARNING: [RTGEN 206-101] Setting dangling out port 'fir_wrap_Pipeline_VITIS_LOOP_41_1/m_axi_gmem_ARUSER' to 0.
INFO: [RTGEN 206-100] Finished creating RTL model for 'fir_wrap_Pipeline_VITIS_LOOP_41_1'.
INFO: [HLS 200-111] Finished Creating RTL model: CPU user time: 0 seconds. CPU system time: 0 seconds. Elapsed time: 1.269 seconds; current allocated memory: 114.105 MB.
INFO: [HLS 200-10] ----------------------------------------------------------------
INFO: [HLS 200-10] -- Generating RTL for module 'fir_wrap_Pipeline_VITIS_LOOP_47_2' 
INFO: [HLS 200-10] ----------------------------------------------------------------
WARNING: [HLS 200-2049] Adding the rewind optimization to the pipelined process 'VITIS_LOOP_47_2' with inout ports inside a dataflow region can result in the creation of loop-carried dependencies and errors. Use caution when adding the rewind optimization to such loops.
WARNING: [RTGEN 206-101] Register 'p_ZZ3firPiiE9shift_reg_97' is power-on initialization.
WARNING: [RTGEN 206-101] Register 'p_ZZ3firPiiE9shift_reg_96' is power-on initialization.
WARNING: [RTGEN 206-101] Register 'p_ZZ3firPiiE9shift_reg_95' is power-on initialization.
WARNING: [RTGEN 206-101] Register 'p_ZZ3firPiiE9shift_reg_94' is power-on initialization.
WARNING: [RTGEN 206-101] Register 'p_ZZ3firPiiE9shift_reg_93' is power-on initialization.
WARNING: [RTGEN 206-101] Register 'p_ZZ3firPiiE9shift_reg_92' is power-on initialization.
WARNING: [RTGEN 206-101] Register 'p_ZZ3firPiiE9shift_reg_91' is power-on initialization.
WARNING: [RTGEN 206-101] Register 'p_ZZ3firPiiE9shift_reg_90' is power-on initialization.
WARNING: [RTGEN 206-101] Register 'p_ZZ3firPiiE9shift_reg_89' is power-on initialization.
WARNING: [RTGEN 206-101] Register 'p_ZZ3firPiiE9shift_reg_88' is power-on initialization.
WARNING: [RTGEN 206-101] Register 'p_ZZ3firPiiE9shift_reg_87' is power-on initialization.
WARNING: [RTGEN 206-101] Register 'p_ZZ3firPiiE9shift_reg_86' is power-on initialization.
WARNING: [RTGEN 206-101] Register 'p_ZZ3firPiiE9shift_reg_85' is power-on initialization.
WARNING: [RTGEN 206-101] Register 'p_ZZ3firPiiE9shift_reg_84' is power-on initialization.
WARNING: [RTGEN 206-101] Register 'p_ZZ3firPiiE9shift_reg_83' is power-on initialization.
WARNING: [RTGEN 206-101] Register 'p_ZZ3firPiiE9shift_reg_82' is power-on initialization.
WARNING: [RTGEN 206-101] Register 'p_ZZ3firPiiE9shift_reg_81' is power-on initialization.
WARNING: [RTGEN 206-101] Register 'p_ZZ3firPiiE9shift_reg_80' is power-on initialization.
WARNING: [RTGEN 206-101] Register 'p_ZZ3firPiiE9shift_reg_79' is power-on initialization.
WARNING: [RTGEN 206-101] Register 'p_ZZ3firPiiE9shift_reg_78' is power-on initialization.
WARNING: [RTGEN 206-101] Register 'p_ZZ3firPiiE9shift_reg_77' is power-on initialization.
WARNING: [RTGEN 206-101] Register 'p_ZZ3firPiiE9shift_reg_76' is power-on initialization.
WARNING: [RTGEN 206-101] Register 'p_ZZ3firPiiE9shift_reg_75' is power-on initialization.
WARNING: [RTGEN 206-101] Register 'p_ZZ3firPiiE9shift_reg_74' is power-on initialization.
WARNING: [RTGEN 206-101] Register 'p_ZZ3firPiiE9shift_reg_73' is power-on initialization.
WARNING: [RTGEN 206-101] Register 'p_ZZ3firPiiE9shift_reg_72' is power-on initialization.
WARNING: [RTGEN 206-101] Register 'p_ZZ3firPiiE9shift_reg_71' is power-on initialization.
WARNING: [RTGEN 206-101] Register 'p_ZZ3firPiiE9shift_reg_70' is power-on initialization.
WARNING: [RTGEN 206-101] Register 'p_ZZ3firPiiE9shift_reg_69' is power-on initialization.
WARNING: [RTGEN 206-101] Register 'p_ZZ3firPiiE9shift_reg_68' is power-on initialization.
WARNING: [RTGEN 206-101] Register 'p_ZZ3firPiiE9shift_reg_67' is power-on initialization.
WARNING: [RTGEN 206-101] Register 'p_ZZ3firPiiE9shift_reg_66' is power-on initialization.
WARNING: [RTGEN 206-101] Register 'p_ZZ3firPiiE9shift_reg_65' is power-on initialization.
WARNING: [RTGEN 206-101] Register 'p_ZZ3firPiiE9shift_reg_64' is power-on initialization.
WARNING: [RTGEN 206-101] Register 'p_ZZ3firPiiE9shift_reg_63' is power-on initialization.
WARNING: [RTGEN 206-101] Register 'p_ZZ3firPiiE9shift_reg_62' is power-on initialization.
WARNING: [RTGEN 206-101] Register 'p_ZZ3firPiiE9shift_reg_61' is power-on initialization.
WARNING: [RTGEN 206-101] Register 'p_ZZ3firPiiE9shift_reg_60' is power-on initialization.
WARNING: [RTGEN 206-101] Register 'p_ZZ3firPiiE9shift_reg_59' is power-on initialization.
WARNING: [RTGEN 206-101] Register 'p_ZZ3firPiiE9shift_reg_58' is power-on initialization.
WARNING: [RTGEN 206-101] Register 'p_ZZ3firPiiE9shift_reg_57' is power-on initialization.
WARNING: [RTGEN 206-101] Register 'p_ZZ3firPiiE9shift_reg_56' is power-on initialization.
WARNING: [RTGEN 206-101] Register 'p_ZZ3firPiiE9shift_reg_55' is power-on initialization.
WARNING: [RTGEN 206-101] Register 'p_ZZ3firPiiE9shift_reg_54' is power-on initialization.
WARNING: [RTGEN 206-101] Register 'p_ZZ3firPiiE9shift_reg_53' is power-on initialization.
WARNING: [RTGEN 206-101] Register 'p_ZZ3firPiiE9shift_reg_52' is power-on initialization.
WARNING: [RTGEN 206-101] Register 'p_ZZ3firPiiE9shift_reg_51' is power-on initialization.
WARNING: [RTGEN 206-101] Register 'p_ZZ3firPiiE9shift_reg_50' is power-on initialization.
WARNING: [RTGEN 206-101] Register 'p_ZZ3firPiiE9shift_reg_49' is power-on initialization.
WARNING: [RTGEN 206-101] Register 'p_ZZ3firPiiE9shift_reg_48' is power-on initialization.
WARNING: [RTGEN 206-101] Register 'p_ZZ3firPiiE9shift_reg_47' is power-on initialization.
WARNING: [RTGEN 206-101] Register 'p_ZZ3firPiiE9shift_reg_46' is power-on initialization.
WARNING: [RTGEN 206-101] Register 'p_ZZ3firPiiE9shift_reg_45' is power-on initialization.
WARNING: [RTGEN 206-101] Register 'p_ZZ3firPiiE9shift_reg_44' is power-on initialization.
WARNING: [RTGEN 206-101] Register 'p_ZZ3firPiiE9shift_reg_43' is power-on initialization.
WARNING: [RTGEN 206-101] Register 'p_ZZ3firPiiE9shift_reg_42' is power-on initialization.
WARNING: [RTGEN 206-101] Register 'p_ZZ3firPiiE9shift_reg_41' is power-on initialization.
WARNING: [RTGEN 206-101] Register 'p_ZZ3firPiiE9shift_reg_40' is power-on initialization.
WARNING: [RTGEN 206-101] Register 'p_ZZ3firPiiE9shift_reg_39' is power-on initialization.
WARNING: [RTGEN 206-101] Register 'p_ZZ3firPiiE9shift_reg_38' is power-on initialization.
WARNING: [RTGEN 206-101] Register 'p_ZZ3firPiiE9shift_reg_37' is power-on initialization.
WARNING: [RTGEN 206-101] Register 'p_ZZ3firPiiE9shift_reg_36' is power-on initialization.
WARNING: [RTGEN 206-101] Register 'p_ZZ3firPiiE9shift_reg_35' is power-on initialization.
WARNING: [RTGEN 206-101] Register 'p_ZZ3firPiiE9shift_reg_34' is power-on initialization.
WARNING: [RTGEN 206-101] Register 'p_ZZ3firPiiE9shift_reg_33' is power-on initialization.
WARNING: [RTGEN 206-101] Register 'p_ZZ3firPiiE9shift_reg_32' is power-on initialization.
WARNING: [RTGEN 206-101] Register 'p_ZZ3firPiiE9shift_reg_31' is power-on initialization.
WARNING: [RTGEN 206-101] Register 'p_ZZ3firPiiE9shift_reg_30' is power-on initialization.
WARNING: [RTGEN 206-101] Register 'p_ZZ3firPiiE9shift_reg_29' is power-on initialization.
WARNING: [RTGEN 206-101] Register 'p_ZZ3firPiiE9shift_reg_28' is power-on initialization.
WARNING: [RTGEN 206-101] Register 'p_ZZ3firPiiE9shift_reg_27' is power-on initialization.
WARNING: [RTGEN 206-101] Register 'p_ZZ3firPiiE9shift_reg_26' is power-on initialization.
WARNING: [RTGEN 206-101] Register 'p_ZZ3firPiiE9shift_reg_25' is power-on initialization.
WARNING: [RTGEN 206-101] Register 'p_ZZ3firPiiE9shift_reg_24' is power-on initialization.
WARNING: [RTGEN 206-101] Register 'p_ZZ3firPiiE9shift_reg_23' is power-on initialization.
WARNING: [RTGEN 206-101] Register 'p_ZZ3firPiiE9shift_reg_22' is power-on initialization.
WARNING: [RTGEN 206-101] Register 'p_ZZ3firPiiE9shift_reg_21' is power-on initialization.
WARNING: [RTGEN 206-101] Register 'p_ZZ3firPiiE9shift_reg_20' is power-on initialization.
WARNING: [RTGEN 206-101] Register 'p_ZZ3firPiiE9shift_reg_19' is power-on initialization.
WARNING: [RTGEN 206-101] Register 'p_ZZ3firPiiE9shift_reg_18' is power-on initialization.
WARNING: [RTGEN 206-101] Register 'p_ZZ3firPiiE9shift_reg_17' is power-on initialization.
WARNING: [RTGEN 206-101] Register 'p_ZZ3firPiiE9shift_reg_16' is power-on initialization.
WARNING: [RTGEN 206-101] Register 'p_ZZ3firPiiE9shift_reg_15' is power-on initialization.
WARNING: [RTGEN 206-101] Register 'p_ZZ3firPiiE9shift_reg_14' is power-on initialization.
WARNING: [RTGEN 206-101] Register 'p_ZZ3firPiiE9shift_reg_13' is power-on initialization.
WARNING: [RTGEN 206-101] Register 'p_ZZ3firPiiE9shift_reg_12' is power-on initialization.
WARNING: [RTGEN 206-101] Register 'p_ZZ3firPiiE9shift_reg_11' is power-on initialization.
WARNING: [RTGEN 206-101] Register 'p_ZZ3firPiiE9shift_reg_10' is power-on initialization.
WARNING: [RTGEN 206-101] Register 'fir_int_int_shift_reg_9' is power-on initialization.
WARNING: [RTGEN 206-101] Register 'fir_int_int_shift_reg_8' is power-on initialization.
WARNING: [RTGEN 206-101] Register 'fir_int_int_shift_reg_7' is power-on initialization.
WARNING: [RTGEN 206-101] Register 'fir_int_int_shift_reg_6' is power-on initialization.
WARNING: [RTGEN 206-101] Register 'fir_int_int_shift_reg_5' is power-on initialization.
WARNING: [RTGEN 206-101] Register 'fir_int_int_shift_reg_4' is power-on initialization.
WARNING: [RTGEN 206-101] Register 'fir_int_int_shift_reg_3' is power-on initialization.
WARNING: [RTGEN 206-101] Register 'fir_int_int_shift_reg_2' is power-on initialization.
WARNING: [RTGEN 206-101] Register 'fir_int_int_shift_reg_1' is power-on initialization.
WARNING: [RTGEN 206-101] Register 'fir_int_int_shift_reg' is power-on initialization.
INFO: [HLS 200-1030] Apply Unified Pipeline Control on module 'fir_wrap_Pipeline_VITIS_LOOP_47_2' pipeline 'VITIS_LOOP_47_2' pipeline type 'loop pipeline'
WARNING: [RTGEN 206-101] Setting dangling out port 'fir_wrap_Pipeline_VITIS_LOOP_47_2/m_axi_gmem_AWVALID' to 0.
WARNING: [RTGEN 206-101] Setting dangling out port 'fir_wrap_Pipeline_VITIS_LOOP_47_2/m_axi_gmem_AWADDR' to 0.
WARNING: [RTGEN 206-101] Setting dangling out port 'fir_wrap_Pipeline_VITIS_LOOP_47_2/m_axi_gmem_AWID' to 0.
WARNING: [RTGEN 206-101] Setting dangling out port 'fir_wrap_Pipeline_VITIS_LOOP_47_2/m_axi_gmem_AWLEN' to 0.
WARNING: [RTGEN 206-101] Setting dangling out port 'fir_wrap_Pipeline_VITIS_LOOP_47_2/m_axi_gmem_AWSIZE' to 0.
WARNING: [RTGEN 206-101] Setting dangling out port 'fir_wrap_Pipeline_VITIS_LOOP_47_2/m_axi_gmem_AWBURST' to 0.
WARNING: [RTGEN 206-101] Setting dangling out port 'fir_wrap_Pipeline_VITIS_LOOP_47_2/m_axi_gmem_AWLOCK' to 0.
WARNING: [RTGEN 206-101] Setting dangling out port 'fir_wrap_Pipeline_VITIS_LOOP_47_2/m_axi_gmem_AWCACHE' to 0.
WARNING: [RTGEN 206-101] Setting dangling out port 'fir_wrap_Pipeline_VITIS_LOOP_47_2/m_axi_gmem_AWPROT' to 0.
WARNING: [RTGEN 206-101] Setting dangling out port 'fir_wrap_Pipeline_VITIS_LOOP_47_2/m_axi_gmem_AWQOS' to 0.
WARNING: [RTGEN 206-101] Setting dangling out port 'fir_wrap_Pipeline_VITIS_LOOP_47_2/m_axi_gmem_AWREGION' to 0.
WARNING: [RTGEN 206-101] Setting dangling out port 'fir_wrap_Pipeline_VITIS_LOOP_47_2/m_axi_gmem_AWUSER' to 0.
WARNING: [RTGEN 206-101] Setting dangling out port 'fir_wrap_Pipeline_VITIS_LOOP_47_2/m_axi_gmem_ARVALID' to 0.
WARNING: [RTGEN 206-101] Setting dangling out port 'fir_wrap_Pipeline_VITIS_LOOP_47_2/m_axi_gmem_ARADDR' to 0.
WARNING: [RTGEN 206-101] Setting dangling out port 'fir_wrap_Pipeline_VITIS_LOOP_47_2/m_axi_gmem_ARID' to 0.
WARNING: [RTGEN 206-101] Setting dangling out port 'fir_wrap_Pipeline_VITIS_LOOP_47_2/m_axi_gmem_ARLEN' to 0.
WARNING: [RTGEN 206-101] Setting dangling out port 'fir_wrap_Pipeline_VITIS_LOOP_47_2/m_axi_gmem_ARSIZE' to 0.
WARNING: [RTGEN 206-101] Setting dangling out port 'fir_wrap_Pipeline_VITIS_LOOP_47_2/m_axi_gmem_ARBURST' to 0.
WARNING: [RTGEN 206-101] Setting dangling out port 'fir_wrap_Pipeline_VITIS_LOOP_47_2/m_axi_gmem_ARLOCK' to 0.
WARNING: [RTGEN 206-101] Setting dangling out port 'fir_wrap_Pipeline_VITIS_LOOP_47_2/m_axi_gmem_ARCACHE' to 0.
WARNING: [RTGEN 206-101] Setting dangling out port 'fir_wrap_Pipeline_VITIS_LOOP_47_2/m_axi_gmem_ARPROT' to 0.
WARNING: [RTGEN 206-101] Setting dangling out port 'fir_wrap_Pipeline_VITIS_LOOP_47_2/m_axi_gmem_ARQOS' to 0.
WARNING: [RTGEN 206-101] Setting dangling out port 'fir_wrap_Pipeline_VITIS_LOOP_47_2/m_axi_gmem_ARREGION' to 0.
WARNING: [RTGEN 206-101] Setting dangling out port 'fir_wrap_Pipeline_VITIS_LOOP_47_2/m_axi_gmem_ARUSER' to 0.
WARNING: [RTGEN 206-101] Setting dangling out port 'fir_wrap_Pipeline_VITIS_LOOP_47_2/m_axi_gmem_BREADY' to 0.
INFO: [RTGEN 206-100] Generating core module 'mul_32s_32s_32_2_1': 99 instance(s).
INFO: [RTGEN 206-100] Finished creating RTL model for 'fir_wrap_Pipeline_VITIS_LOOP_47_2'.
INFO: [HLS 200-111] Finished Creating RTL model: CPU user time: 1 seconds. CPU system time: 1 seconds. Elapsed time: 5.609 seconds; current allocated memory: 114.105 MB.
INFO: [HLS 200-10] ----------------------------------------------------------------
INFO: [HLS 200-10] -- Generating RTL for module 'fir_wrap' 
INFO: [HLS 200-10] ----------------------------------------------------------------
WARNING: [RTGEN 206-101] Design contains AXI ports. Reset is fixed to synchronous and active low.
INFO: [RTGEN 206-500] Setting interface mode on port 'fir_wrap/gmem' to 'm_axi'.
INFO: [RTGEN 206-500] Setting interface mode on port 'fir_wrap/y' to 's_axilite & ap_none'.
INFO: [RTGEN 206-500] Setting interface mode on port 'fir_wrap/x' to 's_axilite & ap_none'.
INFO: [RTGEN 206-500] Setting interface mode on port 'fir_wrap/len' to 's_axilite & ap_none'.
INFO: [RTGEN 206-500] Setting interface mode on port 'fir_wrap/coef' to 's_axilite & ap_none'.
INFO: [RTGEN 206-500] Setting interface mode on function 'fir_wrap' to 's_axilite & ap_ctrl_hs'.
WARNING: [RTGEN 206-101] Register 'c_0' is power-on initialization.
WARNING: [RTGEN 206-101] Register 'c_1' is power-on initialization.
WARNING: [RTGEN 206-101] Register 'c_2' is power-on initialization.
WARNING: [RTGEN 206-101] Register 'c_3' is power-on initialization.
WARNING: [RTGEN 206-101] Register 'c_4' is power-on initialization.
WARNING: [RTGEN 206-101] Register 'c_5' is power-on initialization.
WARNING: [RTGEN 206-101] Register 'c_6' is power-on initialization.
WARNING: [RTGEN 206-101] Register 'c_7' is power-on initialization.
WARNING: [RTGEN 206-101] Register 'c_8' is power-on initialization.
WARNING: [RTGEN 206-101] Register 'c_9' is power-on initialization.
WARNING: [RTGEN 206-101] Register 'c_10' is power-on initialization.
WARNING: [RTGEN 206-101] Register 'c_11' is power-on initialization.
WARNING: [RTGEN 206-101] Register 'c_12' is power-on initialization.
WARNING: [RTGEN 206-101] Register 'c_13' is power-on initialization.
WARNING: [RTGEN 206-101] Register 'c_14' is power-on initialization.
WARNING: [RTGEN 206-101] Register 'c_15' is power-on initialization.
WARNING: [RTGEN 206-101] Register 'c_16' is power-on initialization.
WARNING: [RTGEN 206-101] Register 'c_17' is power-on initialization.
WARNING: [RTGEN 206-101] Register 'c_18' is power-on initialization.
WARNING: [RTGEN 206-101] Register 'c_19' is power-on initialization.
WARNING: [RTGEN 206-101] Register 'c_20' is power-on initialization.
WARNING: [RTGEN 206-101] Register 'c_21' is power-on initialization.
WARNING: [RTGEN 206-101] Register 'c_22' is power-on initialization.
WARNING: [RTGEN 206-101] Register 'c_23' is power-on initialization.
WARNING: [RTGEN 206-101] Register 'c_24' is power-on initialization.
WARNING: [RTGEN 206-101] Register 'c_25' is power-on initialization.
WARNING: [RTGEN 206-101] Register 'c_26' is power-on initialization.
WARNING: [RTGEN 206-101] Register 'c_27' is power-on initialization.
WARNING: [RTGEN 206-101] Register 'c_28' is power-on initialization.
WARNING: [RTGEN 206-101] Register 'c_29' is power-on initialization.
WARNING: [RTGEN 206-101] Register 'c_30' is power-on initialization.
WARNING: [RTGEN 206-101] Register 'c_31' is power-on initialization.
WARNING: [RTGEN 206-101] Register 'c_32' is power-on initialization.
WARNING: [RTGEN 206-101] Register 'c_33' is power-on initialization.
WARNING: [RTGEN 206-101] Register 'c_34' is power-on initialization.
WARNING: [RTGEN 206-101] Register 'c_35' is power-on initialization.
WARNING: [RTGEN 206-101] Register 'c_36' is power-on initialization.
WARNING: [RTGEN 206-101] Register 'c_37' is power-on initialization.
WARNING: [RTGEN 206-101] Register 'c_38' is power-on initialization.
WARNING: [RTGEN 206-101] Register 'c_39' is power-on initialization.
WARNING: [RTGEN 206-101] Register 'c_40' is power-on initialization.
WARNING: [RTGEN 206-101] Register 'c_41' is power-on initialization.
WARNING: [RTGEN 206-101] Register 'c_42' is power-on initialization.
WARNING: [RTGEN 206-101] Register 'c_43' is power-on initialization.
WARNING: [RTGEN 206-101] Register 'c_44' is power-on initialization.
WARNING: [RTGEN 206-101] Register 'c_45' is power-on initialization.
WARNING: [RTGEN 206-101] Register 'c_46' is power-on initialization.
WARNING: [RTGEN 206-101] Register 'c_47' is power-on initialization.
WARNING: [RTGEN 206-101] Register 'c_48' is power-on initialization.
WARNING: [RTGEN 206-101] Register 'c_49' is power-on initialization.
WARNING: [RTGEN 206-101] Register 'c_50' is power-on initialization.
WARNING: [RTGEN 206-101] Register 'c_51' is power-on initialization.
WARNING: [RTGEN 206-101] Register 'c_52' is power-on initialization.
WARNING: [RTGEN 206-101] Register 'c_53' is power-on initialization.
WARNING: [RTGEN 206-101] Register 'c_54' is power-on initialization.
WARNING: [RTGEN 206-101] Register 'c_55' is power-on initialization.
WARNING: [RTGEN 206-101] Register 'c_56' is power-on initialization.
WARNING: [RTGEN 206-101] Register 'c_57' is power-on initialization.
WARNING: [RTGEN 206-101] Register 'c_58' is power-on initialization.
WARNING: [RTGEN 206-101] Register 'c_59' is power-on initialization.
WARNING: [RTGEN 206-101] Register 'c_60' is power-on initialization.
WARNING: [RTGEN 206-101] Register 'c_61' is power-on initialization.
WARNING: [RTGEN 206-101] Register 'c_62' is power-on initialization.
WARNING: [RTGEN 206-101] Register 'c_63' is power-on initialization.
WARNING: [RTGEN 206-101] Register 'c_64' is power-on initialization.
WARNING: [RTGEN 206-101] Register 'c_65' is power-on initialization.
WARNING: [RTGEN 206-101] Register 'c_66' is power-on initialization.
WARNING: [RTGEN 206-101] Register 'c_67' is power-on initialization.
WARNING: [RTGEN 206-101] Register 'c_68' is power-on initialization.
WARNING: [RTGEN 206-101] Register 'c_69' is power-on initialization.
WARNING: [RTGEN 206-101] Register 'c_70' is power-on initialization.
WARNING: [RTGEN 206-101] Register 'c_71' is power-on initialization.
WARNING: [RTGEN 206-101] Register 'c_72' is power-on initialization.
WARNING: [RTGEN 206-101] Register 'c_73' is power-on initialization.
WARNING: [RTGEN 206-101] Register 'c_74' is power-on initialization.
WARNING: [RTGEN 206-101] Register 'c_75' is power-on initialization.
WARNING: [RTGEN 206-101] Register 'c_76' is power-on initialization.
WARNING: [RTGEN 206-101] Register 'c_77' is power-on initialization.
WARNING: [RTGEN 206-101] Register 'c_78' is power-on initialization.
WARNING: [RTGEN 206-101] Register 'c_79' is power-on initialization.
WARNING: [RTGEN 206-101] Register 'c_80' is power-on initialization.
WARNING: [RTGEN 206-101] Register 'c_81' is power-on initialization.
WARNING: [RTGEN 206-101] Register 'c_82' is power-on initialization.
WARNING: [RTGEN 206-101] Register 'c_83' is power-on initialization.
WARNING: [RTGEN 206-101] Register 'c_84' is power-on initialization.
WARNING: [RTGEN 206-101] Register 'c_85' is power-on initialization.
WARNING: [RTGEN 206-101] Register 'c_86' is power-on initialization.
WARNING: [RTGEN 206-101] Register 'c_87' is power-on initialization.
WARNING: [RTGEN 206-101] Register 'c_88' is power-on initialization.
WARNING: [RTGEN 206-101] Register 'c_89' is power-on initialization.
WARNING: [RTGEN 206-101] Register 'c_90' is power-on initialization.
WARNING: [RTGEN 206-101] Register 'c_91' is power-on initialization.
WARNING: [RTGEN 206-101] Register 'c_92' is power-on initialization.
WARNING: [RTGEN 206-101] Register 'c_93' is power-on initialization.
WARNING: [RTGEN 206-101] Register 'c_94' is power-on initialization.
WARNING: [RTGEN 206-101] Register 'c_95' is power-on initialization.
WARNING: [RTGEN 206-101] Register 'c_96' is power-on initialization.
WARNING: [RTGEN 206-101] Register 'c_97' is power-on initialization.
WARNING: [RTGEN 206-101] Register 'c_98' is power-on initialization.
INFO: [RTGEN 206-100] Bundling port 'len' to AXI-Lite port CTRL.
INFO: [RTGEN 206-100] Bundling port 'y', 'x' and 'coef' to AXI-Lite port control.
INFO: [RTGEN 206-100] Finished creating RTL model for 'fir_wrap'.
INFO: [HLS 200-111] Finished Creating RTL model: CPU user time: 0 seconds. CPU system time: 0 seconds. Elapsed time: 5.902 seconds; current allocated memory: 114.105 MB.
INFO: [HLS 200-111] Finished Generating all RTL models: CPU user time: 1 seconds. CPU system time: 0 seconds. Elapsed time: 1.963 seconds; current allocated memory: 114.105 MB.
INFO: [HLS 200-1603] Design has inferred MAXI bursts and missed bursts, see Vitis HLS GUI synthesis summary report for detailed information.
INFO: [HLS 200-111] Finished Updating report files: CPU user time: 0 seconds. CPU system time: 0 seconds. Elapsed time: 0.8 seconds; current allocated memory: 114.105 MB.
INFO: [VHDL 208-304] Generating VHDL RTL for fir_wrap.
INFO: [VLOG 209-307] Generating Verilog RTL for fir_wrap.
INFO: [HLS 200-790] **** Loop Constraint Status: All loop constraints were satisfied.
INFO: [HLS 200-789] **** Estimated Fmax: 136.99 MHz
INFO: [HLS 200-111] Finished Command csynth_design CPU user time: 4 seconds. CPU system time: 1 seconds. Elapsed time: 51.182 seconds; current allocated memory: 1.914 MB.
==============================================================
Vitis HLS - High-Level Synthesis from C, C++ and OpenCL v2023.1 (64-bit)
Tool Version Limit: 2023.05
Copyright 1986-2022 Xilinx, Inc. All Rights Reserved.
Copyright 2022-2023 Advanced Micro Devices, Inc. All Rights Reserved.

==============================================================
INFO: [SYN 201-201] Setting up clock 'default' with a period of 10ns.
INFO: [HLS 200-1611] Setting target device to 'xc7z020-clg484-1'
INFO: [HLS 200-1505] Using flow_target 'vivado'
INFO: [HLS 200-1464] Running solution command: config_cosim -tool=xsim
INFO: [HLS 200-1510] Running: set_part xc7z020clg484-1 
INFO: [HLS 200-1510] Running: create_clock -period 10 -name default 
INFO: [SYN 201-201] Setting up clock 'default' with a period of 10ns.
INFO: [HLS 200-1510] Running: config_cosim -tool xsim 
INFO: [HLS 200-1510] Running: cosim_design 
INFO: [COSIM 212-47] Using XSIM for RTL simulation.
INFO: [COSIM 212-14] Instrumenting C test bench ...
INFO: [COSIM 212-302] Starting C TB testing ... 
INFO: [COSIM 212-333] Generating C post check test bench ...
INFO: [COSIM 212-12] Generating RTL test bench ...
INFO: [COSIM 212-1] *** C/RTL co-simulation file generation completed. ***
INFO: [COSIM 212-323] Starting verilog simulation. 
INFO: [COSIM 212-15] Starting XSIM ...
INFO: [COSIM 212-316] Starting C post checking ...
INFO: [COSIM 212-1000] *** C/RTL co-simulation finished: PASS ***
INFO: [COSIM 212-211] II is measurable only when transaction number is greater than 1 in RTL simulation. Otherwise, they will be marked as all NA. If user wants to calculate them, please make sure there are at least 2 transactions in RTL simulation.
INFO: [HLS 200-111] Finished Command cosim_design CPU user time: 0 seconds. CPU system time: 0 seconds. Elapsed time: 107.13 seconds; current allocated memory: 9.395 MB.
==============================================================
Vitis HLS - High-Level Synthesis from C, C++ and OpenCL v2023.1 (64-bit)
Tool Version Limit: 2023.05
Copyright 1986-2022 Xilinx, Inc. All Rights Reserved.
Copyright 2022-2023 Advanced Micro Devices, Inc. All Rights Reserved.

==============================================================
INFO: [SYN 201-201] Setting up clock 'default' with a period of 10ns.
INFO: [HLS 200-1611] Setting target device to 'xc7z020-clg484-1'
INFO: [HLS 200-1505] Using flow_target 'vivado'
INFO: [HLS 200-1464] Running solution command: config_cosim -tool=xsim
INFO: [HLS 200-1510] Running: set_part xc7z020clg484-1 
INFO: [HLS 200-1510] Running: create_clock -period 10 -name default 
INFO: [SYN 201-201] Setting up clock 'default' with a period of 10ns.
INFO: [HLS 200-1510] Running: config_cosim -tool xsim 
INFO: [HLS 200-1510] Running: export_design -rtl verilog -format ip_catalog 
INFO: [IMPL 213-8] Exporting RTL as a Vivado IP.
INFO: [HLS 200-802] Generated output file fir_hls_prj/solution1/impl/export.zip
INFO: [HLS 200-111] Finished Command export_design CPU user time: 1 seconds. CPU system time: 0 seconds. Elapsed time: 63.534 seconds; current allocated memory: 9.781 MB.
